{
  "RSpec": {
    "coverage": {
      "/home/at0m/Projects/trest-wood/app/controllers/application_controller.rb": [
        1,
        1,
        1,
        null,
        1,
        49,
        49,
        null,
        null
      ],
      "/home/at0m/Projects/trest-wood/app/controllers/pages_controller.rb": [
        1,
        1,
        1,
        null,
        null
      ],
      "/home/at0m/Projects/trest-wood/app/controllers/items_controller.rb": [
        1,
        1,
        1,
        1,
        null,
        null,
        1,
        1,
        null,
        null
      ],
      "/home/at0m/Projects/trest-wood/app/controllers/tinymce_assets_controller.rb": [
        1,
        1,
        1,
        null,
        null,
        null,
        null,
        null,
        1,
        null,
        null
      ],
      "/home/at0m/Projects/trest-wood/app/helpers/items_helper.rb": [
        1,
        null
      ],
      "/home/at0m/Projects/trest-wood/app/helpers/pages_helper.rb": [
        1,
        null
      ],
      "/home/at0m/Projects/trest-wood/app/helpers/application_helper.rb": [
        1,
        null
      ],
      "/home/at0m/Projects/trest-wood/app/models/category.rb": [
        1,
        1,
        null,
        1,
        null,
        1,
        null,
        null,
        null
      ],
      "/home/at0m/Projects/trest-wood/app/models/item.rb": [
        1,
        1,
        1,
        null,
        1,
        null,
        8,
        null,
        1,
        null,
        1,
        null,
        1,
        null,
        null,
        1,
        1,
        1,
        1,
        null,
        2,
        null
      ],
      "/home/at0m/Projects/trest-wood/app/models/admin_user.rb": [
        1,
        null,
        null,
        null,
        1,
        null,
        null,
        null,
        1,
        null,
        null
      ],
      "/home/at0m/Projects/trest-wood/app/models/contact.rb": [
        1,
        1,
        null,
        1,
        null,
        null
      ],
      "/home/at0m/Projects/trest-wood/app/models/gallery.rb": [
        1,
        1,
        null,
        1,
        null,
        null,
        null,
        null,
        null,
        null,
        null,
        1,
        1,
        1,
        null,
        null,
        1,
        null
      ],
      "/home/at0m/Projects/trest-wood/app/models/welcome.rb": [
        1,
        1,
        null,
        1,
        null,
        null
      ],
      "/home/at0m/Projects/trest-wood/app/admin/contacts.rb": [
        null,
        1,
        1,
        1,
        1,
        1,
        1,
        null,
        1,
        null,
        null,
        1,
        3,
        3,
        3,
        3,
        3,
        3,
        null,
        null,
        3,
        null,
        null,
        1,
        null,
        1,
        1,
        1,
        1,
        null,
        1,
        1,
        1,
        null,
        null,
        null
      ],
      "/home/at0m/Projects/trest-wood/app/admin/galleries.rb": [
        null,
        1,
        1,
        1,
        1,
        1,
        null,
        1,
        1,
        1,
        1,
        null,
        1,
        null,
        null,
        1,
        2,
        4,
        null,
        2,
        2,
        null,
        2,
        null,
        null,
        1,
        3,
        3,
        3,
        3,
        null,
        3,
        3,
        3,
        3,
        3,
        3,
        3,
        null,
        null,
        3,
        null,
        null
      ],
      "/home/at0m/Projects/trest-wood/app/admin/categories.rb": [
        1,
        null
      ],
      "/home/at0m/Projects/trest-wood/app/admin/admin_user.rb": [
        1,
        1,
        2,
        2,
        2,
        2,
        2,
        null,
        null,
        1,
        null,
        1,
        2,
        2,
        2,
        2,
        null,
        2,
        null,
        null
      ],
      "/home/at0m/Projects/trest-wood/app/admin/welcomes.rb": [
        null,
        1,
        1,
        1,
        1,
        1,
        1,
        null,
        1,
        null,
        null,
        1,
        3,
        3,
        3,
        3,
        3,
        3,
        null,
        null,
        3,
        null,
        null,
        1,
        null,
        1,
        1,
        1,
        1,
        null,
        1,
        1,
        1,
        null,
        null,
        null
      ],
      "/home/at0m/Projects/trest-wood/app/admin/items.rb": [
        null,
        1,
        1,
        3,
        6,
        null,
        3,
        3,
        3,
        3,
        3,
        null,
        3,
        null,
        null,
        2,
        null,
        1,
        null,
        null,
        3,
        null,
        null,
        3,
        null,
        null,
        1,
        4,
        4,
        4,
        4,
        null,
        4,
        4,
        4,
        4,
        4,
        4,
        4,
        4,
        null,
        null,
        4,
        null,
        null
      ],
      "/home/at0m/Projects/trest-wood/app/admin/dashboard.rb": [
        1,
        1,
        null,
        34,
        null,
        3,
        1,
        1,
        1,
        1,
        null,
        null,
        null,
        null,
        null,
        null,
        null,
        null,
        null,
        null,
        null,
        null,
        null,
        null,
        null,
        null,
        null,
        null,
        null,
        null,
        null,
        null,
        null,
        null
      ]
    },
    "timestamp": 1360678798
  }
}
